This file contains any messages produced by compilers while
running configure, to aid debugging if configure makes a mistake.

It was created by cgminer configure 2.11.4, which was
generated by GNU Autoconf 2.69.  Invocation command line was

  $ /cygdrive/c/Users/Petr/workspace/cgminer/configure 

## --------- ##
## Platform. ##
## --------- ##

hostname = Lenovo-PeVo
uname -m = x86_64
uname -r = 2.6.1(0.305/5/3)
uname -s = CYGWIN_NT-10.0
uname -v = 2016-12-16 11:55

/usr/bin/uname -p = unknown
/bin/uname -X     = unknown

/bin/arch              = x86_64
/usr/bin/arch -k       = unknown
/usr/convex/getsysinfo = unknown
/usr/bin/hostinfo      = unknown
/bin/machine           = unknown
/usr/bin/oslevel       = unknown
/bin/universe          = unknown

PATH: /usr/local/bin
PATH: /usr/bin
PATH: /cygdrive/c/Program Files (x86)/Borland/Delphi7/Bin
PATH: /cygdrive/c/Program Files (x86)/Borland/Delphi7/Projects/Bpl
PATH: /cygdrive/c/Program Files/NVIDIA GPU Computing Toolkit/CUDA/v7.5/bin
PATH: /cygdrive/c/Program Files/NVIDIA GPU Computing Toolkit/CUDA/v7.5/libnvvp
PATH: /cygdrive/c/ProgramData/Oracle/Java/javapath
PATH: /cygdrive/c/Program Files (x86)/Intel/iCLS Client
PATH: /cygdrive/c/Program Files/Intel/iCLS Client
PATH: /cygdrive/c/WINDOWS/system32
PATH: /cygdrive/c/WINDOWS
PATH: /cygdrive/c/WINDOWS/System32/Wbem
PATH: /cygdrive/c/WINDOWS/System32/WindowsPowerShell/v1.0
PATH: /cygdrive/c/Program Files/Intel/Intel(R) Management Engine Components/DAL
PATH: /cygdrive/c/Program Files/Intel/Intel(R) Management Engine Components/IPT
PATH: /cygdrive/c/Program Files (x86)/Intel/Intel(R) Management Engine Components/DAL
PATH: /cygdrive/c/Program Files (x86)/Intel/Intel(R) Management Engine Components/IPT
PATH: /cygdrive/c/ProgramData/Lenovo/ReadyApps
PATH: /cygdrive/c/Program Files (x86)/Skype/Phone
PATH: /cygdrive/c/Users/Petr/.dnx/bin
PATH: /cygdrive/c/Program Files/Microsoft DNX/Dnvm
PATH: /cygdrive/c/Program Files/Microsoft SQL Server/120/Tools/Binn
PATH: /cygdrive/c/Program Files (x86)/Windows Kits/10/Windows Performance Toolkit
PATH: /cygdrive/c/Program Files/Git/cmd
PATH: /cygdrive/c/Program Files (x86)/nodejs
PATH: /cygdrive/c/Users/Petr/AppData/Local/Programs/Python/Python35-32/Scripts
PATH: /cygdrive/c/Users/Petr/AppData/Local/Programs/Python/Python35-32
PATH: /cygdrive/c/Program Files/Intel/WiFi/bin
PATH: /cygdrive/c/Program Files/Common Files/Intel/WirelessCommon
PATH: /cygdrive/c/Program Files/Git/bin
PATH: /cygdrive/c/Program Files (x86)/OpenVPN/bin
PATH: /cygdrive/c/Program Files (x86)/Nmap
PATH: /cygdrive/c/Program Files (x86)/clisp-2.49
PATH: /cygdrive/c/Users/Petr/AppData/Roaming/npm
PATH: /usr/lib/lapack


## ----------- ##
## Core tests. ##
## ----------- ##

configure:2786: checking build system type
configure:2800: result: x86_64-unknown-cygwin
configure:2820: checking host system type
configure:2833: result: x86_64-unknown-cygwin
configure:2853: checking target system type
configure:2866: result: x86_64-unknown-cygwin
configure:2914: checking for a BSD-compatible install
configure:2982: result: /usr/bin/install -c
configure:2993: checking whether build environment is sane
configure:3043: result: yes
configure:3184: checking for a thread-safe mkdir -p
configure:3223: result: /usr/bin/mkdir -p
configure:3237: checking for gawk
configure:3253: found /usr/bin/gawk
configure:3264: result: gawk
configure:3275: checking whether make sets $(MAKE)
configure:3297: result: yes
configure:3388: checking whether make supports nested variables
configure:3405: result: yes
configure:3428: checking for style of include used by make
configure:3456: result: GNU
configure:3527: checking for gcc
configure:3543: found /usr/bin/gcc
configure:3554: result: gcc
configure:3783: checking for C compiler version
configure:3792: gcc --version >&5
gcc (GCC) 5.4.0
Copyright (C) 2015 Free Software Foundation, Inc.
This is free software; see the source for copying conditions.  There is NO
warranty; not even for MERCHANTABILITY or FITNESS FOR A PARTICULAR PURPOSE.

configure:3803: $? = 0
configure:3792: gcc -v >&5
Using built-in specs.
COLLECT_GCC=gcc
COLLECT_LTO_WRAPPER=/usr/lib/gcc/x86_64-pc-cygwin/5.4.0/lto-wrapper.exe
Target: x86_64-pc-cygwin
Configured with: /cygdrive/i/szsz/tmpp/gcc/gcc-5.4.0-1.x86_64/src/gcc-5.4.0/configure --srcdir=/cygdrive/i/szsz/tmpp/gcc/gcc-5.4.0-1.x86_64/src/gcc-5.4.0 --prefix=/usr --exec-prefix=/usr --localstatedir=/var --sysconfdir=/etc --docdir=/usr/share/doc/gcc --htmldir=/usr/share/doc/gcc/html -C --build=x86_64-pc-cygwin --host=x86_64-pc-cygwin --target=x86_64-pc-cygwin --without-libiconv-prefix --without-libintl-prefix --libexecdir=/usr/lib --enable-shared --enable-shared-libgcc --enable-static --enable-version-specific-runtime-libs --enable-bootstrap --enable-__cxa_atexit --with-dwarf2 --with-tune=generic --enable-languages=ada,c,c++,fortran,lto,objc,obj-c++ --enable-graphite --enable-threads=posix --enable-libatomic --enable-libcilkrts --enable-libgomp --enable-libitm --enable-libquadmath --enable-libquadmath-support --enable-libssp --enable-libada --enable-libgcj-sublibs --disable-java-awt --disable-symvers --with-ecj-jar=/usr/share/java/ecj.jar --with-gnu-ld --with-gnu-as --with-cloog-include=/usr/include/cloog-isl --without-libiconv-prefix --without-libintl-prefix --with-system-zlib --enable-linker-build-id --with-default-libstdcxx-abi=gcc4-compatible
Thread model: posix
gcc version 5.4.0 (GCC) 
configure:3803: $? = 0
configure:3792: gcc -V >&5
gcc: error: unrecognized command line option '-V'
gcc: fatal error: no input files
compilation terminated.
configure:3803: $? = 1
configure:3792: gcc -qversion >&5
gcc: error: unrecognized command line option '-qversion'
gcc: fatal error: no input files
compilation terminated.
configure:3803: $? = 1
configure:3823: checking whether the C compiler works
configure:3845: gcc    conftest.c  >&5
configure:3849: $? = 0
configure:3897: result: yes
configure:3900: checking for C compiler default output file name
configure:3902: result: a.exe
configure:3908: checking for suffix of executables
configure:3915: gcc -o conftest.exe    conftest.c  >&5
configure:3919: $? = 0
configure:3941: result: .exe
configure:3963: checking whether we are cross compiling
configure:3971: gcc -o conftest.exe    conftest.c  >&5
configure:3975: $? = 0
configure:3982: ./conftest.exe
configure:3986: $? = 0
configure:4001: result: no
configure:4006: checking for suffix of object files
configure:4028: gcc -c   conftest.c >&5
configure:4032: $? = 0
configure:4053: result: o
configure:4057: checking whether we are using the GNU C compiler
configure:4076: gcc -c   conftest.c >&5
configure:4076: $? = 0
configure:4085: result: yes
configure:4094: checking whether gcc accepts -g
configure:4114: gcc -c -g  conftest.c >&5
configure:4114: $? = 0
configure:4155: result: yes
configure:4172: checking for gcc option to accept ISO C89
configure:4235: gcc  -c -g -O2  conftest.c >&5
configure:4235: $? = 0
configure:4248: result: none needed
configure:4270: checking dependency style of gcc
configure:4381: result: gcc3
configure:4402: checking how to run the C preprocessor
configure:4433: gcc -E  conftest.c
configure:4433: $? = 0
configure:4447: gcc -E  conftest.c
conftest.c:11:28: fatal error: ac_nonexistent.h: No such file or directory
compilation terminated.
configure:4447: $? = 1
configure: failed program was:
| /* confdefs.h */
| #define PACKAGE_NAME "cgminer"
| #define PACKAGE_TARNAME "cgminer"
| #define PACKAGE_VERSION "2.11.4"
| #define PACKAGE_STRING "cgminer 2.11.4"
| #define PACKAGE_BUGREPORT "kernel@kolivas.org"
| #define PACKAGE_URL ""
| #define PACKAGE "cgminer"
| #define VERSION "2.11.4"
| /* end confdefs.h.  */
| #include <ac_nonexistent.h>
configure:4472: result: gcc -E
configure:4492: gcc -E  conftest.c
configure:4492: $? = 0
configure:4506: gcc -E  conftest.c
conftest.c:11:28: fatal error: ac_nonexistent.h: No such file or directory
compilation terminated.
configure:4506: $? = 1
configure: failed program was:
| /* confdefs.h */
| #define PACKAGE_NAME "cgminer"
| #define PACKAGE_TARNAME "cgminer"
| #define PACKAGE_VERSION "2.11.4"
| #define PACKAGE_STRING "cgminer 2.11.4"
| #define PACKAGE_BUGREPORT "kernel@kolivas.org"
| #define PACKAGE_URL ""
| #define PACKAGE "cgminer"
| #define VERSION "2.11.4"
| /* end confdefs.h.  */
| #include <ac_nonexistent.h>
configure:4535: checking for grep that handles long lines and -e
configure:4593: result: /usr/bin/grep
configure:4598: checking for egrep
configure:4660: result: /usr/bin/grep -E
configure:4665: checking for ANSI C header files
configure:4685: gcc -c -g -O2  conftest.c >&5
configure:4685: $? = 0
configure:4758: gcc -o conftest.exe -g -O2   conftest.c  >&5
configure:4758: $? = 0
configure:4758: ./conftest.exe
configure:4758: $? = 0
configure:4769: result: yes
configure:4782: checking for sys/types.h
configure:4782: gcc -c -g -O2  conftest.c >&5
configure:4782: $? = 0
configure:4782: result: yes
configure:4782: checking for sys/stat.h
configure:4782: gcc -c -g -O2  conftest.c >&5
configure:4782: $? = 0
configure:4782: result: yes
configure:4782: checking for stdlib.h
configure:4782: gcc -c -g -O2  conftest.c >&5
configure:4782: $? = 0
configure:4782: result: yes
configure:4782: checking for string.h
configure:4782: gcc -c -g -O2  conftest.c >&5
configure:4782: $? = 0
configure:4782: result: yes
configure:4782: checking for memory.h
configure:4782: gcc -c -g -O2  conftest.c >&5
configure:4782: $? = 0
configure:4782: result: yes
configure:4782: checking for strings.h
configure:4782: gcc -c -g -O2  conftest.c >&5
configure:4782: $? = 0
configure:4782: result: yes
configure:4782: checking for inttypes.h
configure:4782: gcc -c -g -O2  conftest.c >&5
configure:4782: $? = 0
configure:4782: result: yes
configure:4782: checking for stdint.h
configure:4782: gcc -c -g -O2  conftest.c >&5
configure:4782: $? = 0
configure:4782: result: yes
configure:4782: checking for unistd.h
configure:4782: gcc -c -g -O2  conftest.c >&5
configure:4782: $? = 0
configure:4782: result: yes
configure:4797: checking minix/config.h usability
configure:4797: gcc -c -g -O2  conftest.c >&5
conftest.c:54:26: fatal error: minix/config.h: No such file or directory
compilation terminated.
configure:4797: $? = 1
configure: failed program was:
| /* confdefs.h */
| #define PACKAGE_NAME "cgminer"
| #define PACKAGE_TARNAME "cgminer"
| #define PACKAGE_VERSION "2.11.4"
| #define PACKAGE_STRING "cgminer 2.11.4"
| #define PACKAGE_BUGREPORT "kernel@kolivas.org"
| #define PACKAGE_URL ""
| #define PACKAGE "cgminer"
| #define VERSION "2.11.4"
| #define STDC_HEADERS 1
| #define HAVE_SYS_TYPES_H 1
| #define HAVE_SYS_STAT_H 1
| #define HAVE_STDLIB_H 1
| #define HAVE_STRING_H 1
| #define HAVE_MEMORY_H 1
| #define HAVE_STRINGS_H 1
| #define HAVE_INTTYPES_H 1
| #define HAVE_STDINT_H 1
| #define HAVE_UNISTD_H 1
| /* end confdefs.h.  */
| #include <stdio.h>
| #ifdef HAVE_SYS_TYPES_H
| # include <sys/types.h>
| #endif
| #ifdef HAVE_SYS_STAT_H
| # include <sys/stat.h>
| #endif
| #ifdef STDC_HEADERS
| # include <stdlib.h>
| # include <stddef.h>
| #else
| # ifdef HAVE_STDLIB_H
| #  include <stdlib.h>
| # endif
| #endif
| #ifdef HAVE_STRING_H
| # if !defined STDC_HEADERS && defined HAVE_MEMORY_H
| #  include <memory.h>
| # endif
| # include <string.h>
| #endif
| #ifdef HAVE_STRINGS_H
| # include <strings.h>
| #endif
| #ifdef HAVE_INTTYPES_H
| # include <inttypes.h>
| #endif
| #ifdef HAVE_STDINT_H
| # include <stdint.h>
| #endif
| #ifdef HAVE_UNISTD_H
| # include <unistd.h>
| #endif
| #include <minix/config.h>
configure:4797: result: no
configure:4797: checking minix/config.h presence
configure:4797: gcc -E  conftest.c
conftest.c:21:26: fatal error: minix/config.h: No such file or directory
compilation terminated.
configure:4797: $? = 1
configure: failed program was:
| /* confdefs.h */
| #define PACKAGE_NAME "cgminer"
| #define PACKAGE_TARNAME "cgminer"
| #define PACKAGE_VERSION "2.11.4"
| #define PACKAGE_STRING "cgminer 2.11.4"
| #define PACKAGE_BUGREPORT "kernel@kolivas.org"
| #define PACKAGE_URL ""
| #define PACKAGE "cgminer"
| #define VERSION "2.11.4"
| #define STDC_HEADERS 1
| #define HAVE_SYS_TYPES_H 1
| #define HAVE_SYS_STAT_H 1
| #define HAVE_STDLIB_H 1
| #define HAVE_STRING_H 1
| #define HAVE_MEMORY_H 1
| #define HAVE_STRINGS_H 1
| #define HAVE_INTTYPES_H 1
| #define HAVE_STDINT_H 1
| #define HAVE_UNISTD_H 1
| /* end confdefs.h.  */
| #include <minix/config.h>
configure:4797: result: no
configure:4797: checking for minix/config.h
configure:4797: result: no
configure:4826: checking whether it is safe to define __EXTENSIONS__
configure:4844: gcc -c -g -O2  conftest.c >&5
configure:4844: $? = 0
configure:4851: result: yes
configure:4898: checking whether to enable maintainer-specific portions of Makefiles
configure:4907: result: no
configure:4969: checking for gcc
configure:4996: result: gcc
configure:5225: checking for C compiler version
configure:5234: gcc --version >&5
gcc (GCC) 5.4.0
Copyright (C) 2015 Free Software Foundation, Inc.
This is free software; see the source for copying conditions.  There is NO
warranty; not even for MERCHANTABILITY or FITNESS FOR A PARTICULAR PURPOSE.

configure:5245: $? = 0
configure:5234: gcc -v >&5
Using built-in specs.
COLLECT_GCC=gcc
COLLECT_LTO_WRAPPER=/usr/lib/gcc/x86_64-pc-cygwin/5.4.0/lto-wrapper.exe
Target: x86_64-pc-cygwin
Configured with: /cygdrive/i/szsz/tmpp/gcc/gcc-5.4.0-1.x86_64/src/gcc-5.4.0/configure --srcdir=/cygdrive/i/szsz/tmpp/gcc/gcc-5.4.0-1.x86_64/src/gcc-5.4.0 --prefix=/usr --exec-prefix=/usr --localstatedir=/var --sysconfdir=/etc --docdir=/usr/share/doc/gcc --htmldir=/usr/share/doc/gcc/html -C --build=x86_64-pc-cygwin --host=x86_64-pc-cygwin --target=x86_64-pc-cygwin --without-libiconv-prefix --without-libintl-prefix --libexecdir=/usr/lib --enable-shared --enable-shared-libgcc --enable-static --enable-version-specific-runtime-libs --enable-bootstrap --enable-__cxa_atexit --with-dwarf2 --with-tune=generic --enable-languages=ada,c,c++,fortran,lto,objc,obj-c++ --enable-graphite --enable-threads=posix --enable-libatomic --enable-libcilkrts --enable-libgomp --enable-libitm --enable-libquadmath --enable-libquadmath-support --enable-libssp --enable-libada --enable-libgcj-sublibs --disable-java-awt --disable-symvers --with-ecj-jar=/usr/share/java/ecj.jar --with-gnu-ld --with-gnu-as --with-cloog-include=/usr/include/cloog-isl --without-libiconv-prefix --without-libintl-prefix --with-system-zlib --enable-linker-build-id --with-default-libstdcxx-abi=gcc4-compatible
Thread model: posix
gcc version 5.4.0 (GCC) 
configure:5245: $? = 0
configure:5234: gcc -V >&5
gcc: error: unrecognized command line option '-V'
gcc: fatal error: no input files
compilation terminated.
configure:5245: $? = 1
configure:5234: gcc -qversion >&5
gcc: error: unrecognized command line option '-qversion'
gcc: fatal error: no input files
compilation terminated.
configure:5245: $? = 1
configure:5249: checking whether we are using the GNU C compiler
configure:5277: result: yes
configure:5286: checking whether gcc accepts -g
configure:5347: result: yes
configure:5364: checking for gcc option to accept ISO C89
configure:5440: result: none needed
configure:5462: checking dependency style of gcc
configure:5573: result: gcc3
configure:5631: checking for ranlib
configure:5647: found /usr/bin/ranlib
configure:5658: result: ranlib
configure:5706: checking whether gcc needs -traditional
conftest.c:29:19: fatal error: sgtty.h: No such file or directory
compilation terminated.
configure:5740: result: no
configure:5748: checking whether gcc and cc understand -c and -o together
configure:5779: gcc -c conftest.c -o conftest2.o >&5
configure:5783: $? = 0
configure:5789: gcc -c conftest.c -o conftest2.o >&5
configure:5793: $? = 0
configure:5804: cc -c conftest.c >&5
configure:5808: $? = 0
configure:5816: cc -c conftest.c -o conftest2.o >&5
configure:5820: $? = 0
configure:5826: cc -c conftest.c -o conftest2.o >&5
configure:5830: $? = 0
configure:5848: result: yes
configure:5916: checking for ranlib
configure:5943: result: ranlib
configure:5980: checking sys/mman.h usability
configure:5980: gcc -c -g -O2  conftest.c >&5
configure:5980: $? = 0
configure:5980: result: yes
configure:5980: checking sys/mman.h presence
configure:5980: gcc -E  conftest.c
configure:5980: $? = 0
configure:5980: result: yes
configure:5980: checking for sys/mman.h
configure:5980: result: yes
configure:5980: checking wchar.h usability
configure:5980: gcc -c -g -O2  conftest.c >&5
configure:5980: $? = 0
configure:5980: result: yes
configure:5980: checking wchar.h presence
configure:5980: gcc -E  conftest.c
configure:5980: $? = 0
configure:5980: result: yes
configure:5980: checking for wchar.h
configure:5980: result: yes
configure:5980: checking for stdint.h
configure:5980: result: yes
configure:6001: checking for mprotect
configure:6001: gcc -o conftest.exe -g -O2   conftest.c  >&5
configure:6001: $? = 0
configure:6001: result: yes
configure:6001: checking for sigaction
configure:6001: gcc -o conftest.exe -g -O2   conftest.c  >&5
configure:6001: $? = 0
configure:6001: result: yes
configure:6001: checking for sigaltstack
configure:6001: gcc -o conftest.exe -g -O2   conftest.c  >&5
configure:6001: $? = 0
configure:6001: result: yes
configure:6001: checking for siginterrupt
configure:6001: gcc -o conftest.exe -g -O2   conftest.c  >&5
configure:6001: $? = 0
configure:6001: result: yes
configure:6092: checking for mmap
configure:6092: gcc -o conftest.exe -g -O2   conftest.c  >&5
configure:6092: $? = 0
configure:6092: result: yes
configure:6103: checking for MAP_ANONYMOUS
configure:6140: result: yes
configure:6174: checking whether memchr works
configure:6237: gcc -o conftest.exe -g -O2   conftest.c  >&5
configure:6237: $? = 0
configure:6237: ./conftest.exe
configure:6237: $? = 0
configure:6247: result: yes
configure:6255: checking whether memmem is declared
configure:6255: gcc -c -g -O2  conftest.c >&5
configure:6255: $? = 0
configure:6255: result: yes
configure:6273: checking for memmem
configure:6273: gcc -o conftest.exe -g -O2   conftest.c  >&5
configure:6273: $? = 0
configure:6273: result: yes
configure:6297: checking whether memmem works
configure:6361: gcc -o conftest.exe -g -O2   conftest.c  >&5
configure:6361: $? = 0
configure:6361: ./conftest.exe
configure:6361: $? = 0
configure:6372: result: yes
configure:6390: gcc -c -g -O2  conftest.c >&5
conftest.c:40:10: error: unknown type name 'not'
          not a universal capable compiler
          ^
conftest.c:40:16: error: expected '=', ',', ';', 'asm' or '__attribute__' before 'universal'
          not a universal capable compiler
                ^
conftest.c:40:16: error: unknown type name 'universal'
configure:6390: $? = 1
configure: failed program was:
| /* confdefs.h */
| #define PACKAGE_NAME "cgminer"
| #define PACKAGE_TARNAME "cgminer"
| #define PACKAGE_VERSION "2.11.4"
| #define PACKAGE_STRING "cgminer 2.11.4"
| #define PACKAGE_BUGREPORT "kernel@kolivas.org"
| #define PACKAGE_URL ""
| #define PACKAGE "cgminer"
| #define VERSION "2.11.4"
| #define STDC_HEADERS 1
| #define HAVE_SYS_TYPES_H 1
| #define HAVE_SYS_STAT_H 1
| #define HAVE_STDLIB_H 1
| #define HAVE_STRING_H 1
| #define HAVE_MEMORY_H 1
| #define HAVE_STRINGS_H 1
| #define HAVE_INTTYPES_H 1
| #define HAVE_STDINT_H 1
| #define HAVE_UNISTD_H 1
| #define __EXTENSIONS__ 1
| #define _ALL_SOURCE 1
| #define _GNU_SOURCE 1
| #define _POSIX_PTHREAD_SEMANTICS 1
| #define _TANDEM_SOURCE 1
| #define CGMINER_MAJOR_VERSION 2
| #define CGMINER_MINOR_VERSION 11
| #define CGMINER_MINOR_SUBVERSION 4
| #define HAVE_SYS_MMAN_H 1
| #define HAVE_WCHAR_H 1
| #define HAVE_STDINT_H 1
| #define HAVE_MPROTECT 1
| #define HAVE_SIGACTION 1
| #define HAVE_SIGALTSTACK 1
| #define HAVE_SIGINTERRUPT 1
| #define HAVE_MAP_ANONYMOUS 1
| #define HAVE_DECL_MEMMEM 1
| #define HAVE_MEMMEM 1
| /* end confdefs.h.  */
| #ifndef __APPLE_CC__
|          not a universal capable compiler
|         #endif
|         typedef int dummy;
| 
configure:6441: checking for C/C++ restrict keyword
configure:6466: gcc -c -g -O2  conftest.c >&5
configure:6466: $? = 0
configure:6474: result: __restrict
configure:6487: checking for uid_t in sys/types.h
configure:6506: result: yes
configure:6517: checking for inline
configure:6533: gcc -c -g -O2  conftest.c >&5
configure:6533: $? = 0
configure:6541: result: inline
configure:6574: checking whether the preprocessor supports include_next
configure:6612: gcc -c -g -O2  -Iconftestd1b -Iconftestd2 conftest.c >&5
configure:6612: $? = 0
configure:6633: result: yes
configure:6654: checking whether system header files limit the line length
configure:6677: result: no
configure:6691: checking for wchar_t
configure:6708: gcc -c -g -O2  conftest.c >&5
configure:6708: $? = 0
configure:6715: result: yes
configure:6724: checking for unsigned long long int
configure:6763: gcc -o conftest.exe -g -O2   conftest.c  >&5
configure:6763: $? = 0
configure:6772: result: yes
configure:6782: checking for long long int
configure:6820: gcc -o conftest.exe -g -O2   conftest.c  >&5
configure:6820: $? = 0
configure:6820: ./conftest.exe
configure:6820: $? = 0
configure:6832: result: yes
configure:6969: checking whether stdint.h conforms to C99
configure:7140: gcc -c -g -O2  conftest.c >&5
configure:7140: $? = 0
configure:7222: gcc -o conftest.exe -g -O2   conftest.c  >&5
configure:7222: $? = 0
configure:7222: ./conftest.exe
configure:7222: $? = 0
configure:7234: result: yes
configure:7633: checking whether memmem is declared without a macro
configure:7651: gcc -c -g -O2  conftest.c >&5
configure:7651: $? = 0
configure:7659: result: yes
configure:7633: checking whether mempcpy is declared without a macro
configure:7651: gcc -c -g -O2  conftest.c >&5
configure:7651: $? = 0
configure:7659: result: yes
configure:7633: checking whether memrchr is declared without a macro
configure:7651: gcc -c -g -O2  conftest.c >&5
configure:7651: $? = 0
configure:7659: result: yes
configure:7633: checking whether rawmemchr is declared without a macro
configure:7651: gcc -c -g -O2  conftest.c >&5
configure:7651: $? = 0
configure:7659: result: yes
configure:7633: checking whether stpcpy is declared without a macro
configure:7651: gcc -c -g -O2  conftest.c >&5
configure:7651: $? = 0
configure:7659: result: yes
configure:7633: checking whether stpncpy is declared without a macro
configure:7651: gcc -c -g -O2  conftest.c >&5
configure:7651: $? = 0
configure:7659: result: yes
configure:7633: checking whether strchrnul is declared without a macro
configure:7651: gcc -c -g -O2  conftest.c >&5
configure:7651: $? = 0
configure:7659: result: yes
configure:7633: checking whether strdup is declared without a macro
configure:7651: gcc -c -g -O2  conftest.c >&5
configure:7651: $? = 0
configure:7659: result: yes
configure:7633: checking whether strncat is declared without a macro
configure:7651: gcc -c -g -O2  conftest.c >&5
configure:7651: $? = 0
configure:7659: result: yes
configure:7633: checking whether strndup is declared without a macro
configure:7651: gcc -c -g -O2  conftest.c >&5
configure:7651: $? = 0
configure:7659: result: yes
configure:7633: checking whether strnlen is declared without a macro
configure:7651: gcc -c -g -O2  conftest.c >&5
configure:7651: $? = 0
configure:7659: result: yes
configure:7633: checking whether strpbrk is declared without a macro
configure:7651: gcc -c -g -O2  conftest.c >&5
configure:7651: $? = 0
configure:7659: result: yes
configure:7633: checking whether strsep is declared without a macro
configure:7651: gcc -c -g -O2  conftest.c >&5
configure:7651: $? = 0
configure:7659: result: yes
configure:7633: checking whether strcasestr is declared without a macro
configure:7651: gcc -c -g -O2  conftest.c >&5
configure:7651: $? = 0
configure:7659: result: yes
configure:7633: checking whether strtok_r is declared without a macro
configure:7651: gcc -c -g -O2  conftest.c >&5
configure:7651: $? = 0
configure:7659: result: yes
configure:7633: checking whether strerror_r is declared without a macro
configure:7651: gcc -c -g -O2  conftest.c >&5
configure:7651: $? = 0
configure:7659: result: yes
configure:7633: checking whether strsignal is declared without a macro
configure:7651: gcc -c -g -O2  conftest.c >&5
configure:7651: $? = 0
configure:7659: result: yes
configure:7633: checking whether strverscmp is declared without a macro
configure:7651: gcc -c -g -O2  conftest.c >&5
conftest.c: In function 'main':
conftest.c:66:10: error: 'strverscmp' undeclared (first use in this function)
   (void) strverscmp;
          ^
conftest.c:66:10: note: each undeclared identifier is reported only once for each function it appears in
configure:7651: $? = 1
configure: failed program was:
| /* confdefs.h */
| #define PACKAGE_NAME "cgminer"
| #define PACKAGE_TARNAME "cgminer"
| #define PACKAGE_VERSION "2.11.4"
| #define PACKAGE_STRING "cgminer 2.11.4"
| #define PACKAGE_BUGREPORT "kernel@kolivas.org"
| #define PACKAGE_URL ""
| #define PACKAGE "cgminer"
| #define VERSION "2.11.4"
| #define STDC_HEADERS 1
| #define HAVE_SYS_TYPES_H 1
| #define HAVE_SYS_STAT_H 1
| #define HAVE_STDLIB_H 1
| #define HAVE_STRING_H 1
| #define HAVE_MEMORY_H 1
| #define HAVE_STRINGS_H 1
| #define HAVE_INTTYPES_H 1
| #define HAVE_STDINT_H 1
| #define HAVE_UNISTD_H 1
| #define __EXTENSIONS__ 1
| #define _ALL_SOURCE 1
| #define _GNU_SOURCE 1
| #define _POSIX_PTHREAD_SEMANTICS 1
| #define _TANDEM_SOURCE 1
| #define CGMINER_MAJOR_VERSION 2
| #define CGMINER_MINOR_VERSION 11
| #define CGMINER_MINOR_SUBVERSION 4
| #define HAVE_SYS_MMAN_H 1
| #define HAVE_WCHAR_H 1
| #define HAVE_STDINT_H 1
| #define HAVE_MPROTECT 1
| #define HAVE_SIGACTION 1
| #define HAVE_SIGALTSTACK 1
| #define HAVE_SIGINTERRUPT 1
| #define HAVE_MAP_ANONYMOUS 1
| #define HAVE_DECL_MEMMEM 1
| #define HAVE_MEMMEM 1
| #define restrict __restrict
| #define HAVE_WCHAR_T 1
| #define HAVE_UNSIGNED_LONG_LONG_INT 1
| #define HAVE_LONG_LONG_INT 1
| #define HAVE_RAW_DECL_MEMMEM 1
| #define HAVE_RAW_DECL_MEMPCPY 1
| #define HAVE_RAW_DECL_MEMRCHR 1
| #define HAVE_RAW_DECL_RAWMEMCHR 1
| #define HAVE_RAW_DECL_STPCPY 1
| #define HAVE_RAW_DECL_STPNCPY 1
| #define HAVE_RAW_DECL_STRCHRNUL 1
| #define HAVE_RAW_DECL_STRDUP 1
| #define HAVE_RAW_DECL_STRNCAT 1
| #define HAVE_RAW_DECL_STRNDUP 1
| #define HAVE_RAW_DECL_STRNLEN 1
| #define HAVE_RAW_DECL_STRPBRK 1
| #define HAVE_RAW_DECL_STRSEP 1
| #define HAVE_RAW_DECL_STRCASESTR 1
| #define HAVE_RAW_DECL_STRTOK_R 1
| #define HAVE_RAW_DECL_STRERROR_R 1
| #define HAVE_RAW_DECL_STRSIGNAL 1
| /* end confdefs.h.  */
| #include <string.h>
| 
| int
| main ()
| {
| #undef strverscmp
|   (void) strverscmp;
|   ;
|   return 0;
| }
configure:7659: result: no
configure:7739: checking whether memmem works in linear time
configure:7810: gcc -o conftest.exe -g -O2   conftest.c  >&5
configure:7810: $? = 0
configure:7810: ./conftest.exe
configure:7810: $? = 0
configure:7821: result: yes
configure:7846: checking for memmem
configure:7846: result: yes
configure:7870: checking whether memmem works
configure:7945: result: yes
configure:7991: checking for struct sigaction.sa_sigaction
configure:7991: gcc -c -g -O2  conftest.c >&5
configure:7991: $? = 0
configure:7991: result: yes
configure:8126: checking for volatile sig_atomic_t
configure:8126: gcc -c -g -O2  conftest.c >&5
configure:8126: $? = 0
configure:8126: gcc -c -g -O2  conftest.c >&5
conftest.c: In function 'main':
conftest.c:72:36: error: expected expression before ')' token
 if (sizeof ((volatile sig_atomic_t)))
                                    ^
configure:8126: $? = 1
configure: failed program was:
| /* confdefs.h */
| #define PACKAGE_NAME "cgminer"
| #define PACKAGE_TARNAME "cgminer"
| #define PACKAGE_VERSION "2.11.4"
| #define PACKAGE_STRING "cgminer 2.11.4"
| #define PACKAGE_BUGREPORT "kernel@kolivas.org"
| #define PACKAGE_URL ""
| #define PACKAGE "cgminer"
| #define VERSION "2.11.4"
| #define STDC_HEADERS 1
| #define HAVE_SYS_TYPES_H 1
| #define HAVE_SYS_STAT_H 1
| #define HAVE_STDLIB_H 1
| #define HAVE_STRING_H 1
| #define HAVE_MEMORY_H 1
| #define HAVE_STRINGS_H 1
| #define HAVE_INTTYPES_H 1
| #define HAVE_STDINT_H 1
| #define HAVE_UNISTD_H 1
| #define __EXTENSIONS__ 1
| #define _ALL_SOURCE 1
| #define _GNU_SOURCE 1
| #define _POSIX_PTHREAD_SEMANTICS 1
| #define _TANDEM_SOURCE 1
| #define CGMINER_MAJOR_VERSION 2
| #define CGMINER_MINOR_VERSION 11
| #define CGMINER_MINOR_SUBVERSION 4
| #define HAVE_SYS_MMAN_H 1
| #define HAVE_WCHAR_H 1
| #define HAVE_STDINT_H 1
| #define HAVE_MPROTECT 1
| #define HAVE_SIGACTION 1
| #define HAVE_SIGALTSTACK 1
| #define HAVE_SIGINTERRUPT 1
| #define HAVE_MAP_ANONYMOUS 1
| #define HAVE_DECL_MEMMEM 1
| #define HAVE_MEMMEM 1
| #define restrict __restrict
| #define HAVE_WCHAR_T 1
| #define HAVE_UNSIGNED_LONG_LONG_INT 1
| #define HAVE_LONG_LONG_INT 1
| #define HAVE_RAW_DECL_MEMMEM 1
| #define HAVE_RAW_DECL_MEMPCPY 1
| #define HAVE_RAW_DECL_MEMRCHR 1
| #define HAVE_RAW_DECL_RAWMEMCHR 1
| #define HAVE_RAW_DECL_STPCPY 1
| #define HAVE_RAW_DECL_STPNCPY 1
| #define HAVE_RAW_DECL_STRCHRNUL 1
| #define HAVE_RAW_DECL_STRDUP 1
| #define HAVE_RAW_DECL_STRNCAT 1
| #define HAVE_RAW_DECL_STRNDUP 1
| #define HAVE_RAW_DECL_STRNLEN 1
| #define HAVE_RAW_DECL_STRPBRK 1
| #define HAVE_RAW_DECL_STRSEP 1
| #define HAVE_RAW_DECL_STRCASESTR 1
| #define HAVE_RAW_DECL_STRTOK_R 1
| #define HAVE_RAW_DECL_STRERROR_R 1
| #define HAVE_RAW_DECL_STRSIGNAL 1
| #define GNULIB_TEST_MEMCHR 1
| #define HAVE_MEMMEM 1
| #define GNULIB_TEST_MEMMEM 1
| #define HAVE_STRUCT_SIGACTION_SA_SIGACTION 1
| #define GNULIB_TEST_SIGACTION 1
| /* end confdefs.h.  */
| 
| #include <signal.h>
| 
| 
| int
| main ()
| {
| if (sizeof ((volatile sig_atomic_t)))
| 	    return 0;
|   ;
|   return 0;
| }
configure:8126: result: yes
configure:8140: checking for sighandler_t
configure:8140: gcc -c -g -O2  conftest.c >&5
configure:8140: $? = 0
configure:8140: gcc -c -g -O2  conftest.c >&5
conftest.c: In function 'main':
conftest.c:72:27: error: expected expression before ')' token
 if (sizeof ((sighandler_t)))
                           ^
configure:8140: $? = 1
configure: failed program was:
| /* confdefs.h */
| #define PACKAGE_NAME "cgminer"
| #define PACKAGE_TARNAME "cgminer"
| #define PACKAGE_VERSION "2.11.4"
| #define PACKAGE_STRING "cgminer 2.11.4"
| #define PACKAGE_BUGREPORT "kernel@kolivas.org"
| #define PACKAGE_URL ""
| #define PACKAGE "cgminer"
| #define VERSION "2.11.4"
| #define STDC_HEADERS 1
| #define HAVE_SYS_TYPES_H 1
| #define HAVE_SYS_STAT_H 1
| #define HAVE_STDLIB_H 1
| #define HAVE_STRING_H 1
| #define HAVE_MEMORY_H 1
| #define HAVE_STRINGS_H 1
| #define HAVE_INTTYPES_H 1
| #define HAVE_STDINT_H 1
| #define HAVE_UNISTD_H 1
| #define __EXTENSIONS__ 1
| #define _ALL_SOURCE 1
| #define _GNU_SOURCE 1
| #define _POSIX_PTHREAD_SEMANTICS 1
| #define _TANDEM_SOURCE 1
| #define CGMINER_MAJOR_VERSION 2
| #define CGMINER_MINOR_VERSION 11
| #define CGMINER_MINOR_SUBVERSION 4
| #define HAVE_SYS_MMAN_H 1
| #define HAVE_WCHAR_H 1
| #define HAVE_STDINT_H 1
| #define HAVE_MPROTECT 1
| #define HAVE_SIGACTION 1
| #define HAVE_SIGALTSTACK 1
| #define HAVE_SIGINTERRUPT 1
| #define HAVE_MAP_ANONYMOUS 1
| #define HAVE_DECL_MEMMEM 1
| #define HAVE_MEMMEM 1
| #define restrict __restrict
| #define HAVE_WCHAR_T 1
| #define HAVE_UNSIGNED_LONG_LONG_INT 1
| #define HAVE_LONG_LONG_INT 1
| #define HAVE_RAW_DECL_MEMMEM 1
| #define HAVE_RAW_DECL_MEMPCPY 1
| #define HAVE_RAW_DECL_MEMRCHR 1
| #define HAVE_RAW_DECL_RAWMEMCHR 1
| #define HAVE_RAW_DECL_STPCPY 1
| #define HAVE_RAW_DECL_STPNCPY 1
| #define HAVE_RAW_DECL_STRCHRNUL 1
| #define HAVE_RAW_DECL_STRDUP 1
| #define HAVE_RAW_DECL_STRNCAT 1
| #define HAVE_RAW_DECL_STRNDUP 1
| #define HAVE_RAW_DECL_STRNLEN 1
| #define HAVE_RAW_DECL_STRPBRK 1
| #define HAVE_RAW_DECL_STRSEP 1
| #define HAVE_RAW_DECL_STRCASESTR 1
| #define HAVE_RAW_DECL_STRTOK_R 1
| #define HAVE_RAW_DECL_STRERROR_R 1
| #define HAVE_RAW_DECL_STRSIGNAL 1
| #define GNULIB_TEST_MEMCHR 1
| #define HAVE_MEMMEM 1
| #define GNULIB_TEST_MEMMEM 1
| #define HAVE_STRUCT_SIGACTION_SA_SIGACTION 1
| #define GNULIB_TEST_SIGACTION 1
| /* end confdefs.h.  */
| 
| #include <signal.h>
| 
| 
| int
| main ()
| {
| if (sizeof ((sighandler_t)))
| 	    return 0;
|   ;
|   return 0;
| }
configure:8140: result: yes
configure:8154: checking whether sigaction is declared without a macro
configure:8172: gcc -c -g -O2  conftest.c >&5
configure:8172: $? = 0
configure:8180: result: yes
configure:8154: checking whether sigaddset is declared without a macro
configure:8172: gcc -c -g -O2  conftest.c >&5
configure:8172: $? = 0
configure:8180: result: yes
configure:8154: checking whether sigdelset is declared without a macro
configure:8172: gcc -c -g -O2  conftest.c >&5
configure:8172: $? = 0
configure:8180: result: yes
configure:8154: checking whether sigemptyset is declared without a macro
configure:8172: gcc -c -g -O2  conftest.c >&5
configure:8172: $? = 0
configure:8180: result: yes
configure:8154: checking whether sigfillset is declared without a macro
configure:8172: gcc -c -g -O2  conftest.c >&5
configure:8172: $? = 0
configure:8180: result: yes
configure:8154: checking whether sigismember is declared without a macro
configure:8172: gcc -c -g -O2  conftest.c >&5
configure:8172: $? = 0
configure:8180: result: yes
configure:8154: checking whether sigpending is declared without a macro
configure:8172: gcc -c -g -O2  conftest.c >&5
configure:8172: $? = 0
configure:8180: result: yes
configure:8154: checking whether sigprocmask is declared without a macro
configure:8172: gcc -c -g -O2  conftest.c >&5
configure:8172: $? = 0
configure:8180: result: yes
configure:8209: checking for sigprocmask
configure:8209: gcc -o conftest.exe -g -O2   conftest.c  >&5
configure:8209: $? = 0
configure:8209: result: yes
configure:8276: checking whether NULL can be used in arbitrary expressions
configure:8294: gcc -c -g -O2  conftest.c >&5
configure:8294: $? = 0
configure:8301: result: yes
configure:8416: checking for ANSI C header files
configure:8520: result: yes
configure:8530: checking syslog.h usability
configure:8530: gcc -c -g -O2  conftest.c >&5
configure:8530: $? = 0
configure:8530: result: yes
configure:8530: checking syslog.h presence
configure:8530: gcc -E  conftest.c
configure:8530: $? = 0
configure:8530: result: yes
configure:8530: checking for syslog.h
configure:8530: result: yes
configure:8541: checking for size_t
configure:8541: gcc -c -g -O2  conftest.c >&5
configure:8541: $? = 0
configure:8541: gcc -c -g -O2  conftest.c >&5
conftest.c: In function 'main':
conftest.c:112:21: error: expected expression before ')' token
 if (sizeof ((size_t)))
                     ^
configure:8541: $? = 1
configure: failed program was:
| /* confdefs.h */
| #define PACKAGE_NAME "cgminer"
| #define PACKAGE_TARNAME "cgminer"
| #define PACKAGE_VERSION "2.11.4"
| #define PACKAGE_STRING "cgminer 2.11.4"
| #define PACKAGE_BUGREPORT "kernel@kolivas.org"
| #define PACKAGE_URL ""
| #define PACKAGE "cgminer"
| #define VERSION "2.11.4"
| #define STDC_HEADERS 1
| #define HAVE_SYS_TYPES_H 1
| #define HAVE_SYS_STAT_H 1
| #define HAVE_STDLIB_H 1
| #define HAVE_STRING_H 1
| #define HAVE_MEMORY_H 1
| #define HAVE_STRINGS_H 1
| #define HAVE_INTTYPES_H 1
| #define HAVE_STDINT_H 1
| #define HAVE_UNISTD_H 1
| #define __EXTENSIONS__ 1
| #define _ALL_SOURCE 1
| #define _GNU_SOURCE 1
| #define _POSIX_PTHREAD_SEMANTICS 1
| #define _TANDEM_SOURCE 1
| #define CGMINER_MAJOR_VERSION 2
| #define CGMINER_MINOR_VERSION 11
| #define CGMINER_MINOR_SUBVERSION 4
| #define HAVE_SYS_MMAN_H 1
| #define HAVE_WCHAR_H 1
| #define HAVE_STDINT_H 1
| #define HAVE_MPROTECT 1
| #define HAVE_SIGACTION 1
| #define HAVE_SIGALTSTACK 1
| #define HAVE_SIGINTERRUPT 1
| #define HAVE_MAP_ANONYMOUS 1
| #define HAVE_DECL_MEMMEM 1
| #define HAVE_MEMMEM 1
| #define restrict __restrict
| #define HAVE_WCHAR_T 1
| #define HAVE_UNSIGNED_LONG_LONG_INT 1
| #define HAVE_LONG_LONG_INT 1
| #define HAVE_RAW_DECL_MEMMEM 1
| #define HAVE_RAW_DECL_MEMPCPY 1
| #define HAVE_RAW_DECL_MEMRCHR 1
| #define HAVE_RAW_DECL_RAWMEMCHR 1
| #define HAVE_RAW_DECL_STPCPY 1
| #define HAVE_RAW_DECL_STPNCPY 1
| #define HAVE_RAW_DECL_STRCHRNUL 1
| #define HAVE_RAW_DECL_STRDUP 1
| #define HAVE_RAW_DECL_STRNCAT 1
| #define HAVE_RAW_DECL_STRNDUP 1
| #define HAVE_RAW_DECL_STRNLEN 1
| #define HAVE_RAW_DECL_STRPBRK 1
| #define HAVE_RAW_DECL_STRSEP 1
| #define HAVE_RAW_DECL_STRCASESTR 1
| #define HAVE_RAW_DECL_STRTOK_R 1
| #define HAVE_RAW_DECL_STRERROR_R 1
| #define HAVE_RAW_DECL_STRSIGNAL 1
| #define GNULIB_TEST_MEMCHR 1
| #define HAVE_MEMMEM 1
| #define GNULIB_TEST_MEMMEM 1
| #define HAVE_STRUCT_SIGACTION_SA_SIGACTION 1
| #define GNULIB_TEST_SIGACTION 1
| #define HAVE_RAW_DECL_SIGACTION 1
| #define HAVE_RAW_DECL_SIGADDSET 1
| #define HAVE_RAW_DECL_SIGDELSET 1
| #define HAVE_RAW_DECL_SIGEMPTYSET 1
| #define HAVE_RAW_DECL_SIGFILLSET 1
| #define HAVE_RAW_DECL_SIGISMEMBER 1
| #define HAVE_RAW_DECL_SIGPENDING 1
| #define HAVE_RAW_DECL_SIGPROCMASK 1
| #define GNULIB_TEST_SIGPROCMASK 1
| #define STDC_HEADERS 1
| #define HAVE_SYSLOG_H 1
| /* end confdefs.h.  */
| #include <stdio.h>
| #ifdef HAVE_SYS_TYPES_H
| # include <sys/types.h>
| #endif
| #ifdef HAVE_SYS_STAT_H
| # include <sys/stat.h>
| #endif
| #ifdef STDC_HEADERS
| # include <stdlib.h>
| # include <stddef.h>
| #else
| # ifdef HAVE_STDLIB_H
| #  include <stdlib.h>
| # endif
| #endif
| #ifdef HAVE_STRING_H
| # if !defined STDC_HEADERS && defined HAVE_MEMORY_H
| #  include <memory.h>
| # endif
| # include <string.h>
| #endif
| #ifdef HAVE_STRINGS_H
| # include <strings.h>
| #endif
| #ifdef HAVE_INTTYPES_H
| # include <inttypes.h>
| #endif
| #ifdef HAVE_STDINT_H
| # include <stdint.h>
| #endif
| #ifdef HAVE_UNISTD_H
| # include <unistd.h>
| #endif
| int
| main ()
| {
| if (sizeof ((size_t)))
| 	    return 0;
|   ;
|   return 0;
| }
configure:8541: result: yes
configure:8554: checking for working alloca.h
configure:8571: gcc -o conftest.exe -g -O2   conftest.c  >&5
configure:8571: $? = 0
configure:8579: result: yes
configure:8587: checking for alloca
configure:8624: gcc -o conftest.exe -g -O2   conftest.c  >&5
configure:8624: $? = 0
configure:8632: result: yes
configure:8941: checking for pthread_create in -lpthread
configure:8966: gcc -o conftest.exe -g -O2   conftest.c -lpthread   >&5
configure:8966: $? = 0
configure:8975: result: yes
configure:8991: checking for json_loads in -ljansson
configure:9016: gcc -o conftest.exe -g -O2   conftest.c -ljansson  -lpthread  >&5
configure:9016: $? = 0
configure:9025: result: yes
configure:9272: checking for library containing addstr
configure:9303: gcc -o conftest.exe -g -O2   conftest.c -lpthread  >&5
/tmp/cck1Ox9q.o: In function `main':
/cygdrive/c/Users/Petr/workspace/cgminer/conftest.c:91: undefined reference to `addstr'
/cygdrive/c/Users/Petr/workspace/cgminer/conftest.c:91:(.text.startup+0xa): relocation truncated to fit: R_X86_64_PC32 against undefined symbol `addstr'
collect2: error: ld returned 1 exit status
configure:9303: $? = 1
configure: failed program was:
| /* confdefs.h */
| #define PACKAGE_NAME "cgminer"
| #define PACKAGE_TARNAME "cgminer"
| #define PACKAGE_VERSION "2.11.4"
| #define PACKAGE_STRING "cgminer 2.11.4"
| #define PACKAGE_BUGREPORT "kernel@kolivas.org"
| #define PACKAGE_URL ""
| #define PACKAGE "cgminer"
| #define VERSION "2.11.4"
| #define STDC_HEADERS 1
| #define HAVE_SYS_TYPES_H 1
| #define HAVE_SYS_STAT_H 1
| #define HAVE_STDLIB_H 1
| #define HAVE_STRING_H 1
| #define HAVE_MEMORY_H 1
| #define HAVE_STRINGS_H 1
| #define HAVE_INTTYPES_H 1
| #define HAVE_STDINT_H 1
| #define HAVE_UNISTD_H 1
| #define __EXTENSIONS__ 1
| #define _ALL_SOURCE 1
| #define _GNU_SOURCE 1
| #define _POSIX_PTHREAD_SEMANTICS 1
| #define _TANDEM_SOURCE 1
| #define CGMINER_MAJOR_VERSION 2
| #define CGMINER_MINOR_VERSION 11
| #define CGMINER_MINOR_SUBVERSION 4
| #define HAVE_SYS_MMAN_H 1
| #define HAVE_WCHAR_H 1
| #define HAVE_STDINT_H 1
| #define HAVE_MPROTECT 1
| #define HAVE_SIGACTION 1
| #define HAVE_SIGALTSTACK 1
| #define HAVE_SIGINTERRUPT 1
| #define HAVE_MAP_ANONYMOUS 1
| #define HAVE_DECL_MEMMEM 1
| #define HAVE_MEMMEM 1
| #define restrict __restrict
| #define HAVE_WCHAR_T 1
| #define HAVE_UNSIGNED_LONG_LONG_INT 1
| #define HAVE_LONG_LONG_INT 1
| #define HAVE_RAW_DECL_MEMMEM 1
| #define HAVE_RAW_DECL_MEMPCPY 1
| #define HAVE_RAW_DECL_MEMRCHR 1
| #define HAVE_RAW_DECL_RAWMEMCHR 1
| #define HAVE_RAW_DECL_STPCPY 1
| #define HAVE_RAW_DECL_STPNCPY 1
| #define HAVE_RAW_DECL_STRCHRNUL 1
| #define HAVE_RAW_DECL_STRDUP 1
| #define HAVE_RAW_DECL_STRNCAT 1
| #define HAVE_RAW_DECL_STRNDUP 1
| #define HAVE_RAW_DECL_STRNLEN 1
| #define HAVE_RAW_DECL_STRPBRK 1
| #define HAVE_RAW_DECL_STRSEP 1
| #define HAVE_RAW_DECL_STRCASESTR 1
| #define HAVE_RAW_DECL_STRTOK_R 1
| #define HAVE_RAW_DECL_STRERROR_R 1
| #define HAVE_RAW_DECL_STRSIGNAL 1
| #define GNULIB_TEST_MEMCHR 1
| #define HAVE_MEMMEM 1
| #define GNULIB_TEST_MEMMEM 1
| #define HAVE_STRUCT_SIGACTION_SA_SIGACTION 1
| #define GNULIB_TEST_SIGACTION 1
| #define HAVE_RAW_DECL_SIGACTION 1
| #define HAVE_RAW_DECL_SIGADDSET 1
| #define HAVE_RAW_DECL_SIGDELSET 1
| #define HAVE_RAW_DECL_SIGEMPTYSET 1
| #define HAVE_RAW_DECL_SIGFILLSET 1
| #define HAVE_RAW_DECL_SIGISMEMBER 1
| #define HAVE_RAW_DECL_SIGPENDING 1
| #define HAVE_RAW_DECL_SIGPROCMASK 1
| #define GNULIB_TEST_SIGPROCMASK 1
| #define STDC_HEADERS 1
| #define HAVE_SYSLOG_H 1
| #define HAVE_ALLOCA_H 1
| #define HAVE_ALLOCA 1
| #define WANT_CPUMINE 1
| #define HAVE_LIBPTHREAD 1
| /* end confdefs.h.  */
| 
| /* Override any GCC internal prototype to avoid an error.
|    Use char because int might match the return type of a GCC
|    builtin and then its argument prototype would still apply.  */
| #ifdef __cplusplus
| extern "C"
| #endif
| char addstr ();
| int
| main ()
| {
| return addstr ();
|   ;
|   return 0;
| }
configure:9303: gcc -o conftest.exe -g -O2   conftest.c -lncurses  -lpthread  >&5
configure:9303: $? = 0
configure:9320: result: -lncurses
configure:9412: checking for yasm
configure:9430: found /usr/bin/yasm
configure:9443: result: /usr/bin/yasm
configure:9452: checking if yasm version is greater than 1.0.1
configure:9474: result: yes
configure:9602: checking for pkg-config
configure:9620: found /usr/bin/pkg-config
configure:9632: result: /usr/bin/pkg-config
configure:9657: checking pkg-config is at least version 0.9.0
configure:9660: result: yes
configure:9771: checking for LIBCURL
configure:9778: $PKG_CONFIG --exists --print-errors "libcurl >= 7.25.0"
configure:9781: $? = 0
configure:9795: $PKG_CONFIG --exists --print-errors "libcurl >= 7.25.0"
configure:9798: $? = 0
configure:9976: result: yes
configure:10067: gcc -c -g -O2  conftest.c >&5
configure:10067: $? = 0
configure:10085: gcc -c -g -O2  conftest.c >&5
configure:10085: $? = 0
configure:10095: gcc -c -g -O2  conftest.c >&5
configure:10095: $? = 0
configure:10105: gcc -c -g -O2  conftest.c >&5
conftest.c: In function 'cleanup':
conftest.c:85:55: warning: implicit declaration of function 'exit' [-Wimplicit-function-declaration]
 static void __attribute__((noreturn)) cleanup(void) { exit(1); }
                                                       ^
conftest.c:85:55: warning: incompatible implicit declaration of built-in function 'exit'
conftest.c:85:55: note: include '<stdlib.h>' or provide a declaration of 'exit'
configure:10105: $? = 0
configure:10115: gcc -c -g -O2  conftest.c >&5
configure:10115: $? = 0
configure:10125: gcc -c -g -O2  conftest.c >&5
configure:10125: $? = 0
configure:10135: gcc -c -g -O2  conftest.c >&5
configure:10135: $? = 0
configure:10145: gcc -o conftest.exe -g -O2   conftest.c -lncurses -lpthread  >&5
configure:10145: $? = 0
configure:10156: gcc -o conftest.exe -g -O2   conftest.c -lncurses -lpthread  >&5
configure:10156: $? = 0
configure:10167: gcc -c -g -O2  conftest.c >&5
configure:10167: $? = 0
configure:10474: creating ./config.status

## ---------------------- ##
## Running config.status. ##
## ---------------------- ##

This file was extended by cgminer config.status 2.11.4, which was
generated by GNU Autoconf 2.69.  Invocation command line was

  CONFIG_FILES    = 
  CONFIG_HEADERS  = 
  CONFIG_LINKS    = 
  CONFIG_COMMANDS = 
  $ ./config.status 

on Lenovo-PeVo

config.status:1139: creating Makefile
config.status:1139: creating compat/Makefile
config.status:1139: creating compat/jansson/Makefile
config.status:1139: creating x86_64/Makefile
config.status:1139: creating x86_32/Makefile
config.status:1139: creating ccan/Makefile
config.status:1139: creating lib/Makefile
config.status:1139: creating config.h
config.status:1368: executing depfiles commands

## ---------------- ##
## Cache variables. ##
## ---------------- ##

ac_cv_build=x86_64-unknown-cygwin
ac_cv_c_compiler_gnu=yes
ac_cv_c_inline=inline
ac_cv_c_restrict=__restrict
ac_cv_env_CC_set=
ac_cv_env_CC_value=
ac_cv_env_CFLAGS_set=
ac_cv_env_CFLAGS_value=
ac_cv_env_CPPFLAGS_set=
ac_cv_env_CPPFLAGS_value=
ac_cv_env_CPP_set=
ac_cv_env_CPP_value=
ac_cv_env_LDFLAGS_set=
ac_cv_env_LDFLAGS_value=
ac_cv_env_LIBCURL_CFLAGS_set=
ac_cv_env_LIBCURL_CFLAGS_value=
ac_cv_env_LIBCURL_LIBS_set=
ac_cv_env_LIBCURL_LIBS_value=
ac_cv_env_LIBS_set=
ac_cv_env_LIBS_value=
ac_cv_env_LIBUSB_CFLAGS_set=
ac_cv_env_LIBUSB_CFLAGS_value=
ac_cv_env_LIBUSB_LIBS_set=
ac_cv_env_LIBUSB_LIBS_value=
ac_cv_env_PKG_CONFIG_LIBDIR_set=
ac_cv_env_PKG_CONFIG_LIBDIR_value=
ac_cv_env_PKG_CONFIG_PATH_set=
ac_cv_env_PKG_CONFIG_PATH_value=
ac_cv_env_PKG_CONFIG_set=
ac_cv_env_PKG_CONFIG_value=
ac_cv_env_build_alias_set=
ac_cv_env_build_alias_value=
ac_cv_env_host_alias_set=
ac_cv_env_host_alias_value=
ac_cv_env_target_alias_set=
ac_cv_env_target_alias_value=
ac_cv_exeext=.exe
ac_cv_func_alloca_works=yes
ac_cv_func_memmem=yes
ac_cv_func_mmap=yes
ac_cv_func_mprotect=yes
ac_cv_func_sigaction=yes
ac_cv_func_sigaltstack=yes
ac_cv_func_siginterrupt=yes
ac_cv_func_sigprocmask=yes
ac_cv_have_decl_memmem=yes
ac_cv_have_decl_mempcpy=yes
ac_cv_have_decl_memrchr=yes
ac_cv_have_decl_rawmemchr=yes
ac_cv_have_decl_sigaction=yes
ac_cv_have_decl_sigaddset=yes
ac_cv_have_decl_sigdelset=yes
ac_cv_have_decl_sigemptyset=yes
ac_cv_have_decl_sigfillset=yes
ac_cv_have_decl_sigismember=yes
ac_cv_have_decl_sigpending=yes
ac_cv_have_decl_sigprocmask=yes
ac_cv_have_decl_stpcpy=yes
ac_cv_have_decl_stpncpy=yes
ac_cv_have_decl_strcasestr=yes
ac_cv_have_decl_strchrnul=yes
ac_cv_have_decl_strdup=yes
ac_cv_have_decl_strerror_r=yes
ac_cv_have_decl_strncat=yes
ac_cv_have_decl_strndup=yes
ac_cv_have_decl_strnlen=yes
ac_cv_have_decl_strpbrk=yes
ac_cv_have_decl_strsep=yes
ac_cv_have_decl_strsignal=yes
ac_cv_have_decl_strtok_r=yes
ac_cv_header_inttypes_h=yes
ac_cv_header_memory_h=yes
ac_cv_header_minix_config_h=no
ac_cv_header_stdc=yes
ac_cv_header_stdint_h=yes
ac_cv_header_stdlib_h=yes
ac_cv_header_string_h=yes
ac_cv_header_strings_h=yes
ac_cv_header_sys_mman_h=yes
ac_cv_header_sys_stat_h=yes
ac_cv_header_sys_types_h=yes
ac_cv_header_syslog_h=yes
ac_cv_header_unistd_h=yes
ac_cv_header_wchar_h=yes
ac_cv_host=x86_64-unknown-cygwin
ac_cv_lib_jansson_json_loads=yes
ac_cv_lib_pthread_pthread_create=yes
ac_cv_member_struct_sigaction_sa_sigaction=yes
ac_cv_objext=o
ac_cv_path_EGREP='/usr/bin/grep -E'
ac_cv_path_GREP=/usr/bin/grep
ac_cv_path_YASM=/usr/bin/yasm
ac_cv_path_ac_pt_PKG_CONFIG=/usr/bin/pkg-config
ac_cv_path_install='/usr/bin/install -c'
ac_cv_path_mkdir=/usr/bin/mkdir
ac_cv_prog_AWK=gawk
ac_cv_prog_CPP='gcc -E'
ac_cv_prog_ac_ct_CC=gcc
ac_cv_prog_ac_ct_RANLIB=ranlib
ac_cv_prog_cc_c89=
ac_cv_prog_cc_g=yes
ac_cv_prog_cc_gcc_c_o=yes
ac_cv_prog_gcc_traditional=no
ac_cv_prog_make_make_set=yes
ac_cv_safe_to_define___extensions__=yes
ac_cv_search_addstr=-lncurses
ac_cv_target=x86_64-unknown-cygwin
ac_cv_type_long_long_int=yes
ac_cv_type_sighandler_t=yes
ac_cv_type_size_t=yes
ac_cv_type_uid_t=yes
ac_cv_type_unsigned_long_long_int=yes
ac_cv_type_volatile_sig_atomic_t=yes
ac_cv_working_alloca_h=yes
am_cv_CC_dependencies_compiler_type=gcc3
am_cv_make_support_nested_variables=yes
gl_cv_c_multiarch=no
gl_cv_decl_null_works=yes
gl_cv_func_memchr_works=yes
gl_cv_func_memmem_works_always=yes
gl_cv_func_memmem_works_fast=yes
gl_cv_func_sigprocmask=1
gl_cv_have_include_next=yes
gl_cv_have_raw_decl_memmem=yes
gl_cv_have_raw_decl_mempcpy=yes
gl_cv_have_raw_decl_memrchr=yes
gl_cv_have_raw_decl_rawmemchr=yes
gl_cv_have_raw_decl_sigaction=yes
gl_cv_have_raw_decl_sigaddset=yes
gl_cv_have_raw_decl_sigdelset=yes
gl_cv_have_raw_decl_sigemptyset=yes
gl_cv_have_raw_decl_sigfillset=yes
gl_cv_have_raw_decl_sigismember=yes
gl_cv_have_raw_decl_sigpending=yes
gl_cv_have_raw_decl_sigprocmask=yes
gl_cv_have_raw_decl_stpcpy=yes
gl_cv_have_raw_decl_stpncpy=yes
gl_cv_have_raw_decl_strcasestr=yes
gl_cv_have_raw_decl_strchrnul=yes
gl_cv_have_raw_decl_strdup=yes
gl_cv_have_raw_decl_strerror_r=yes
gl_cv_have_raw_decl_strncat=yes
gl_cv_have_raw_decl_strndup=yes
gl_cv_have_raw_decl_strnlen=yes
gl_cv_have_raw_decl_strpbrk=yes
gl_cv_have_raw_decl_strsep=yes
gl_cv_have_raw_decl_strsignal=yes
gl_cv_have_raw_decl_strtok_r=yes
gl_cv_have_raw_decl_strverscmp=no
gl_cv_header_working_stdint_h=yes
gl_cv_next_signal_h='<signal.h>'
gl_cv_next_stdint_h='<stdint.h>'
gl_cv_next_string_h='<string.h>'
gl_cv_pragma_columns=no
gt_cv_c_wchar_t=yes
pkg_cv_LIBCURL_CFLAGS=
pkg_cv_LIBCURL_LIBS=-lcurl

## ----------------- ##
## Output variables. ##
## ----------------- ##

ACLOCAL='${SHELL} /cygdrive/c/Users/Petr/workspace/cgminer/missing --run aclocal-1.11'
ADL_CPPFLAGS=''
ALLOCA=''
AMDEPBACKSLASH='\'
AMDEP_FALSE='#'
AMDEP_TRUE=''
AMTAR='$${TAR-tar}'
AM_BACKSLASH='\'
AM_DEFAULT_V='$(AM_DEFAULT_VERBOSITY)'
AM_DEFAULT_VERBOSITY='0'
AM_V='$(V)'
APPLE_UNIVERSAL_BUILD='0'
AUTOCONF='${SHELL} /cygdrive/c/Users/Petr/workspace/cgminer/missing --run autoconf'
AUTOHEADER='${SHELL} /cygdrive/c/Users/Petr/workspace/cgminer/missing --run autoheader'
AUTOMAKE='${SHELL} /cygdrive/c/Users/Petr/workspace/cgminer/missing --run automake-1.11'
AWK='gawk'
BITSIZEOF_PTRDIFF_T=''
BITSIZEOF_SIG_ATOMIC_T=''
BITSIZEOF_SIZE_T=''
BITSIZEOF_WCHAR_T=''
BITSIZEOF_WINT_T=''
CC='gcc'
CCDEPMODE='depmode=gcc3'
CFLAGS='-g -O2'
CPP='gcc -E'
CPPFLAGS=''
CYGPATH_W='cygpath -w'
DEFS='-DHAVE_CONFIG_H'
DEPDIR='.deps'
DLOPEN_FLAGS=''
ECHO_C=''
ECHO_N='-n'
ECHO_T=''
EGREP='/usr/bin/grep -E'
EXEEXT='.exe'
GL_COND_LIBTOOL_FALSE=''
GL_COND_LIBTOOL_TRUE='#'
GL_GENERATE_STDDEF_H_FALSE=''
GL_GENERATE_STDDEF_H_TRUE='#'
GL_GENERATE_STDINT_H_FALSE=''
GL_GENERATE_STDINT_H_TRUE='#'
GNULIB_MBSCASECMP='0'
GNULIB_MBSCASESTR='0'
GNULIB_MBSCHR='0'
GNULIB_MBSCSPN='0'
GNULIB_MBSLEN='0'
GNULIB_MBSNCASECMP='0'
GNULIB_MBSNLEN='0'
GNULIB_MBSPBRK='0'
GNULIB_MBSPCASECMP='0'
GNULIB_MBSRCHR='0'
GNULIB_MBSSEP='0'
GNULIB_MBSSPN='0'
GNULIB_MBSSTR='0'
GNULIB_MBSTOK_R='0'
GNULIB_MEMCHR='1'
GNULIB_MEMMEM='1'
GNULIB_MEMPCPY='0'
GNULIB_MEMRCHR='0'
GNULIB_RAWMEMCHR='0'
GNULIB_SIGACTION='1'
GNULIB_SIGNAL_H_SIGPIPE='0'
GNULIB_SIGPROCMASK='1'
GNULIB_STPCPY='0'
GNULIB_STPNCPY='0'
GNULIB_STRCASESTR='0'
GNULIB_STRCHRNUL='0'
GNULIB_STRDUP='0'
GNULIB_STRERROR='0'
GNULIB_STRERROR_R='0'
GNULIB_STRNCAT='0'
GNULIB_STRNDUP='0'
GNULIB_STRNLEN='0'
GNULIB_STRPBRK='0'
GNULIB_STRSEP='0'
GNULIB_STRSIGNAL='0'
GNULIB_STRSTR='0'
GNULIB_STRTOK_R='0'
GNULIB_STRVERSCMP='0'
GREP='/usr/bin/grep'
HAS_AVALON_FALSE=''
HAS_AVALON_TRUE='#'
HAS_BFLSC_FALSE=''
HAS_BFLSC_TRUE='#'
HAS_BITFORCE_FALSE=''
HAS_BITFORCE_TRUE='#'
HAS_CPUMINE_FALSE='#'
HAS_CPUMINE_TRUE=''
HAS_ICARUS_FALSE=''
HAS_ICARUS_TRUE='#'
HAS_MODMINER_FALSE=''
HAS_MODMINER_TRUE='#'
HAS_SCRYPT_FALSE=''
HAS_SCRYPT_TRUE='#'
HAS_YASM_FALSE='#'
HAS_YASM_TRUE=''
HAS_ZTEX_FALSE=''
HAS_ZTEX_TRUE='#'
HAVE_CURSES_FALSE='#'
HAVE_CURSES_TRUE=''
HAVE_DECL_MEMMEM='1'
HAVE_DECL_MEMRCHR='1'
HAVE_DECL_STRDUP='1'
HAVE_DECL_STRERROR_R='1'
HAVE_DECL_STRNDUP='1'
HAVE_DECL_STRNLEN='1'
HAVE_DECL_STRSIGNAL='1'
HAVE_DECL_STRTOK_R='1'
HAVE_INTTYPES_H='1'
HAVE_LIBUDEV_FALSE='#'
HAVE_LIBUDEV_TRUE=''
HAVE_LONG_LONG_INT='1'
HAVE_MBSLEN='0'
HAVE_MEMCHR='1'
HAVE_MEMPCPY='1'
HAVE_POSIX_SIGNALBLOCKING='1'
HAVE_RAWMEMCHR='1'
HAVE_SIGACTION='1'
HAVE_SIGHANDLER_T='1'
HAVE_SIGINFO_T='1'
HAVE_SIGNED_SIG_ATOMIC_T=''
HAVE_SIGNED_WCHAR_T=''
HAVE_SIGNED_WINT_T=''
HAVE_SIGSET_T='1'
HAVE_STDINT_H='1'
HAVE_STPCPY='1'
HAVE_STPNCPY='1'
HAVE_STRCASESTR='1'
HAVE_STRCHRNUL='1'
HAVE_STRPBRK='1'
HAVE_STRSEP='1'
HAVE_STRUCT_SIGACTION_SA_SIGACTION='1'
HAVE_STRVERSCMP='1'
HAVE_SYS_BITYPES_H=''
HAVE_SYS_INTTYPES_H=''
HAVE_SYS_TYPES_H='1'
HAVE_TYPE_VOLATILE_SIG_ATOMIC_T='1'
HAVE_UNSIGNED_LONG_LONG_INT='1'
HAVE_WCHAR_H='1'
HAVE_WCHAR_T='1'
HAVE_WINDOWS_FALSE=''
HAVE_WINDOWS_TRUE='#'
HAVE_x86_64_FALSE='#'
HAVE_x86_64_TRUE=''
INCLUDE_NEXT='include_next'
INCLUDE_NEXT_AS_FIRST_DIRECTIVE='include_next'
INSTALL_DATA='${INSTALL} -m 644'
INSTALL_PROGRAM='${INSTALL}'
INSTALL_SCRIPT='${INSTALL}'
INSTALL_STRIP_PROGRAM='$(install_sh) -c -s'
JANSSON_LIBS='-ljansson'
LDFLAGS=''
LIBCURL_CFLAGS=''
LIBCURL_LIBS='-lcurl'
LIBGNU_LIBDEPS=''
LIBGNU_LTLIBDEPS=''
LIBOBJS=''
LIBS='-lncurses -lpthread '
LIBUSB_CFLAGS=''
LIBUSB_LIBS=''
LTLIBOBJS=''
MAINT='#'
MAINTAINER_MODE_FALSE=''
MAINTAINER_MODE_TRUE='#'
MAKEINFO='${SHELL} /cygdrive/c/Users/Petr/workspace/cgminer/missing --run makeinfo'
MATH_LIBS='-lm'
MKDIR_P='/usr/bin/mkdir -p'
MM_LIBS=''
NCURSES_LIBS=''
NEED_FPGAUTILS_FALSE=''
NEED_FPGAUTILS_TRUE='#'
NEED_USBUTILS_C_FALSE=''
NEED_USBUTILS_C_TRUE='#'
NEXT_AS_FIRST_DIRECTIVE_SIGNAL_H='<signal.h>'
NEXT_AS_FIRST_DIRECTIVE_STDDEF_H=''
NEXT_AS_FIRST_DIRECTIVE_STDINT_H='<stdint.h>'
NEXT_AS_FIRST_DIRECTIVE_STRING_H='<string.h>'
NEXT_SIGNAL_H='<signal.h>'
NEXT_STDDEF_H=''
NEXT_STDINT_H='<stdint.h>'
NEXT_STRING_H='<string.h>'
OBJEXT='o'
OPENCL_FLAGS=''
OPENCL_LIBS=''
PACKAGE='cgminer'
PACKAGE_BUGREPORT='kernel@kolivas.org'
PACKAGE_NAME='cgminer'
PACKAGE_STRING='cgminer 2.11.4'
PACKAGE_TARNAME='cgminer'
PACKAGE_URL=''
PACKAGE_VERSION='2.11.4'
PATH_SEPARATOR=':'
PDCURSES_LIBS=''
PKG_CONFIG='/usr/bin/pkg-config'
PKG_CONFIG_LIBDIR=''
PKG_CONFIG_PATH=''
PRAGMA_COLUMNS=''
PRAGMA_SYSTEM_HEADER='#pragma GCC system_header'
PTHREAD_FLAGS='-lpthread'
PTHREAD_LIBS='-lpthread'
PTRDIFF_T_SUFFIX=''
RANLIB='ranlib'
REPLACE_MEMCHR='0'
REPLACE_MEMMEM='0'
REPLACE_NULL='0'
REPLACE_STPNCPY='0'
REPLACE_STRCASESTR='0'
REPLACE_STRCHRNUL='0'
REPLACE_STRDUP='0'
REPLACE_STRERROR='0'
REPLACE_STRERROR_R='0'
REPLACE_STRNCAT='0'
REPLACE_STRNDUP='0'
REPLACE_STRNLEN='0'
REPLACE_STRSIGNAL='0'
REPLACE_STRSTR='0'
REPLACE_STRTOK_R='0'
SET_MAKE=''
SHELL='/bin/sh'
SIG_ATOMIC_T_SUFFIX=''
SIZE_T_SUFFIX=''
STDDEF_H=''
STDINT_H=''
STRIP=''
UDEV_LIBS=''
UNDEFINE_STRTOK_R='0'
VERSION='2.11.4'
VMAJ='2'
WANT_JANSSON_FALSE=''
WANT_JANSSON_TRUE='#'
WCHAR_T_SUFFIX=''
WINT_T_SUFFIX=''
WS2_LIBS=''
YASM='/usr/bin/yasm'
YASM_FMT='elf64'
ac_ct_CC='gcc'
am__EXEEXT_FALSE='#'
am__EXEEXT_TRUE=''
am__fastdepCC_FALSE='#'
am__fastdepCC_TRUE=''
am__include='include'
am__isrc=''
am__leading_dot='.'
am__nodep='_no'
am__quote=''
am__tar='$${TAR-tar} chof - "$$tardir"'
am__untar='$${TAR-tar} xf -'
bindir='${exec_prefix}/bin'
build='x86_64-unknown-cygwin'
build_alias=''
build_cpu='x86_64'
build_os='cygwin'
build_vendor='unknown'
datadir='${datarootdir}'
datarootdir='${prefix}/share'
docdir='${datarootdir}/doc/${PACKAGE_TARNAME}'
dvidir='${docdir}'
exec_prefix='${prefix}'
gl_LIBOBJS=''
gl_LTLIBOBJS=''
gltests_LIBOBJS=''
gltests_LTLIBOBJS=''
gltests_WITNESS='IN_CGMINER_GNULIB_TESTS'
host='x86_64-unknown-cygwin'
host_alias=''
host_cpu='x86_64'
host_os='cygwin'
host_vendor='unknown'
htmldir='${docdir}'
includedir='${prefix}/include'
infodir='${datarootdir}/info'
install_sh='${SHELL} /cygdrive/c/Users/Petr/workspace/cgminer/install-sh'
libdir='${exec_prefix}/lib'
libexecdir='${exec_prefix}/libexec'
localedir='${datarootdir}/locale'
localstatedir='${prefix}/var'
mandir='${datarootdir}/man'
mkdir_p='/usr/bin/mkdir -p'
oldincludedir='/usr/include'
pdfdir='${docdir}'
prefix='/usr/local'
program_transform_name='s,x,x,'
psdir='${docdir}'
release_info=''
sbindir='${exec_prefix}/sbin'
sharedstatedir='${prefix}/com'
sysconfdir='${prefix}/etc'
target='x86_64-unknown-cygwin'
target_alias=''
target_cpu='x86_64'
target_os='cygwin'
target_vendor='unknown'
version_info='13:4:11'

## ----------- ##
## confdefs.h. ##
## ----------- ##

/* confdefs.h */
#define PACKAGE_NAME "cgminer"
#define PACKAGE_TARNAME "cgminer"
#define PACKAGE_VERSION "2.11.4"
#define PACKAGE_STRING "cgminer 2.11.4"
#define PACKAGE_BUGREPORT "kernel@kolivas.org"
#define PACKAGE_URL ""
#define PACKAGE "cgminer"
#define VERSION "2.11.4"
#define STDC_HEADERS 1
#define HAVE_SYS_TYPES_H 1
#define HAVE_SYS_STAT_H 1
#define HAVE_STDLIB_H 1
#define HAVE_STRING_H 1
#define HAVE_MEMORY_H 1
#define HAVE_STRINGS_H 1
#define HAVE_INTTYPES_H 1
#define HAVE_STDINT_H 1
#define HAVE_UNISTD_H 1
#define __EXTENSIONS__ 1
#define _ALL_SOURCE 1
#define _GNU_SOURCE 1
#define _POSIX_PTHREAD_SEMANTICS 1
#define _TANDEM_SOURCE 1
#define CGMINER_MAJOR_VERSION 2
#define CGMINER_MINOR_VERSION 11
#define CGMINER_MINOR_SUBVERSION 4
#define HAVE_SYS_MMAN_H 1
#define HAVE_WCHAR_H 1
#define HAVE_STDINT_H 1
#define HAVE_MPROTECT 1
#define HAVE_SIGACTION 1
#define HAVE_SIGALTSTACK 1
#define HAVE_SIGINTERRUPT 1
#define HAVE_MAP_ANONYMOUS 1
#define HAVE_DECL_MEMMEM 1
#define HAVE_MEMMEM 1
#define restrict __restrict
#define HAVE_WCHAR_T 1
#define HAVE_UNSIGNED_LONG_LONG_INT 1
#define HAVE_LONG_LONG_INT 1
#define HAVE_RAW_DECL_MEMMEM 1
#define HAVE_RAW_DECL_MEMPCPY 1
#define HAVE_RAW_DECL_MEMRCHR 1
#define HAVE_RAW_DECL_RAWMEMCHR 1
#define HAVE_RAW_DECL_STPCPY 1
#define HAVE_RAW_DECL_STPNCPY 1
#define HAVE_RAW_DECL_STRCHRNUL 1
#define HAVE_RAW_DECL_STRDUP 1
#define HAVE_RAW_DECL_STRNCAT 1
#define HAVE_RAW_DECL_STRNDUP 1
#define HAVE_RAW_DECL_STRNLEN 1
#define HAVE_RAW_DECL_STRPBRK 1
#define HAVE_RAW_DECL_STRSEP 1
#define HAVE_RAW_DECL_STRCASESTR 1
#define HAVE_RAW_DECL_STRTOK_R 1
#define HAVE_RAW_DECL_STRERROR_R 1
#define HAVE_RAW_DECL_STRSIGNAL 1
#define GNULIB_TEST_MEMCHR 1
#define HAVE_MEMMEM 1
#define GNULIB_TEST_MEMMEM 1
#define HAVE_STRUCT_SIGACTION_SA_SIGACTION 1
#define GNULIB_TEST_SIGACTION 1
#define HAVE_RAW_DECL_SIGACTION 1
#define HAVE_RAW_DECL_SIGADDSET 1
#define HAVE_RAW_DECL_SIGDELSET 1
#define HAVE_RAW_DECL_SIGEMPTYSET 1
#define HAVE_RAW_DECL_SIGFILLSET 1
#define HAVE_RAW_DECL_SIGISMEMBER 1
#define HAVE_RAW_DECL_SIGPENDING 1
#define HAVE_RAW_DECL_SIGPROCMASK 1
#define GNULIB_TEST_SIGPROCMASK 1
#define STDC_HEADERS 1
#define HAVE_SYSLOG_H 1
#define HAVE_ALLOCA_H 1
#define HAVE_ALLOCA 1
#define WANT_CPUMINE 1
#define HAVE_LIBPTHREAD 1
#define HAVE_CURSES 1
#define CURL_HAS_KEEPALIVE 1
#define EXECV_2ND_ARG_TYPE const char* const*
#define HAVE_ATTRIBUTE_COLD 1
#define HAVE_ATTRIBUTE_CONST 1
#define HAVE_ATTRIBUTE_NORETURN 1
#define HAVE_ATTRIBUTE_PRINTF 1
#define HAVE_ATTRIBUTE_UNUSED 1
#define HAVE_ATTRIBUTE_USED 1
#define HAVE_BUILTIN_CONSTANT_P 1
#define HAVE_BUILTIN_TYPES_COMPATIBLE_P 1
#define HAVE_WARN_UNUSED_RESULT 1
#define CGMINER_PREFIX "/usr/local/bin"
#define PHATK_KERNNAME "phatk121016"
#define POCLBM_KERNNAME "poclbm130302"
#define DIAKGCN_KERNNAME "diakgcn121016"
#define DIABLO_KERNNAME "diablo130302"
#define SCRYPT_KERNNAME "scrypt130302"

configure: exit 0
